# JRE version: Java(TM) SE Runtime Environment (8.0_25-b17) (build 1.8.0_25-b17)
# Java VM: Java HotSpot(TM) 64-Bit Server VM (25.25-b02 mixed mode bsd-amd64 compressed oops)
Heap:
 PSYoungGen      total 15360K, used 385K [0x00000007aab00000, 0x00000007abc80000, 0x00000007c0000000)
  eden space 14336K, 2% used [0x00000007aab00000,0x00000007aab60538,0x00000007ab900000)
  from space 1024K, 0% used [0x00000007aba80000,0x00000007aba80000,0x00000007abb80000)
  to   space 1536K, 0% used [0x00000007ab900000,0x00000007ab900000,0x00000007aba80000)
 ParOldGen       total 34304K, used 13987K [0x0000000780000000, 0x0000000782180000, 0x00000007aab00000)
  object space 34304K, 40% used [0x0000000780000000,0x0000000780da8cf0,0x0000000782180000)
 Metaspace       used 17570K, capacity 17808K, committed 18176K, reserved 1064960K
  class space    used 1894K, capacity 1960K, committed 2048K, reserved 1048576K
GC Heap History (10 events):
Event: 42683.584 GC heap before
{Heap before GC invocations=135 (full 0):
 PSYoungGen      total 15872K, used 15424K [0x00000007aab00000, 0x00000007abb80000, 0x00000007c0000000)
  eden space 14848K, 100% used [0x00000007aab00000,0x00000007ab980000,0x00000007ab980000)
  from space 1024K, 56% used [0x00000007aba80000,0x00000007abb10000,0x00000007abb80000)
  to   space 1024K, 0% used [0x00000007ab980000,0x00000007ab980000,0x00000007aba80000)
 ParOldGen       total 44032K, used 33530K [0x0000000780000000, 0x0000000782b00000, 0x00000007aab00000)
  object space 44032K, 76% used [0x0000000780000000,0x00000007820beb98,0x0000000782b00000)
 Metaspace       used 17147K, capacity 17394K, committed 17664K, reserved 1064960K
  class space    used 1852K, capacity 1929K, committed 2048K, reserved 1048576K
Event: 42683.586 GC heap after
Heap after GC invocations=135 (full 0):
 PSYoungGen      total 15872K, used 352K [0x00000007aab00000, 0x00000007abb80000, 0x00000007c0000000)
  eden space 14848K, 0% used [0x00000007aab00000,0x00000007aab00000,0x00000007ab980000)
  from space 1024K, 34% used [0x00000007ab980000,0x00000007ab9d8000,0x00000007aba80000)
  to   space 1024K, 0% used [0x00000007aba80000,0x00000007aba80000,0x00000007abb80000)
 ParOldGen       total 44032K, used 33864K [0x0000000780000000, 0x0000000782b00000, 0x00000007aab00000)
  object space 44032K, 76% used [0x0000000780000000,0x0000000782112380,0x0000000782b00000)
 Metaspace       used 17147K, capacity 17394K, committed 17664K, reserved 1064960K
  class space    used 1852K, capacity 1929K, committed 2048K, reserved 1048576K
}
Event: 42974.290 GC heap before
{Heap before GC invocations=136 (full 0):
 PSYoungGen      total 15872K, used 15200K [0x00000007aab00000, 0x00000007abb80000, 0x00000007c0000000)
  eden space 14848K, 100% used [0x00000007aab00000,0x00000007ab980000,0x00000007ab980000)
  from space 1024K, 34% used [0x00000007ab980000,0x00000007ab9d8000,0x00000007aba80000)
  to   space 1024K, 0% used [0x00000007aba80000,0x00000007aba80000,0x00000007abb80000)
 ParOldGen       total 44032K, used 33864K [0x0000000780000000, 0x0000000782b00000, 0x00000007aab00000)
  object space 44032K, 76% used [0x0000000780000000,0x0000000782112380,0x0000000782b00000)
 Metaspace       used 17147K, capacity 17394K, committed 17664K, reserved 1064960K
  class space    used 1852K, capacity 1929K, committed 2048K, reserved 1048576K
Event: 42974.291 GC heap after
Heap after GC invocations=136 (full 0):
 PSYoungGen      total 15872K, used 224K [0x00000007aab00000, 0x00000007abb80000, 0x00000007c0000000)
  eden space 14848K, 0% used [0x00000007aab00000,0x00000007aab00000,0x00000007ab980000)
  from space 1024K, 21% used [0x00000007aba80000,0x00000007abab8000,0x00000007abb80000)
  to   space 1024K, 0% used [0x00000007ab980000,0x00000007ab980000,0x00000007aba80000)
 ParOldGen       total 44032K, used 33969K [0x0000000780000000, 0x0000000782b00000, 0x00000007aab00000)
  object space 44032K, 77% used [0x0000000780000000,0x000000078212c590,0x0000000782b00000)
 Metaspace       used 17147K, capacity 17394K, committed 17664K, reserved 1064960K
  class space    used 1852K, capacity 1929K, committed 2048K, reserved 1048576K
}
Event: 70686.193 GC heap before
{Heap before GC invocations=137 (full 0):
 PSYoungGen      total 15872K, used 15072K [0x00000007aab00000, 0x00000007abb80000, 0x00000007c0000000)
  eden space 14848K, 100% used [0x00000007aab00000,0x00000007ab980000,0x00000007ab980000)
  from space 1024K, 21% used [0x00000007aba80000,0x00000007abab8000,0x00000007abb80000)
  to   space 1024K, 0% used [0x00000007ab980000,0x00000007ab980000,0x00000007aba80000)
 ParOldGen       total 44032K, used 33969K [0x0000000780000000, 0x0000000782b00000, 0x00000007aab00000)
  object space 44032K, 77% used [0x0000000780000000,0x000000078212c590,0x0000000782b00000)
 Metaspace       used 17182K, capacity 17394K, committed 17664K, reserved 1064960K
  class space    used 1852K, capacity 1929K, committed 2048K, reserved 1048576K
Event: 70686.210 GC heap after
Heap after GC invocations=137 (full 0):
 PSYoungGen      total 15872K, used 544K [0x00000007aab00000, 0x00000007abb80000, 0x00000007c0000000)
  eden space 14848K, 0% used [0x00000007aab00000,0x00000007aab00000,0x00000007ab980000)
  from space 1024K, 53% used [0x00000007ab980000,0x00000007aba08000,0x00000007aba80000)
  to   space 1024K, 0% used [0x00000007aba80000,0x00000007aba80000,0x00000007abb80000)
 ParOldGen       total 44032K, used 34089K [0x0000000780000000, 0x0000000782b00000, 0x00000007aab00000)
  object space 44032K, 77% used [0x0000000780000000,0x000000078214a590,0x0000000782b00000)
 Metaspace       used 17182K, capacity 17394K, committed 17664K, reserved 1064960K
  class space    used 1852K, capacity 1929K, committed 2048K, reserved 1048576K
}
Event: 131931.621 GC heap before
{Heap before GC invocations=138 (full 0):
 PSYoungGen      total 15872K, used 15392K [0x00000007aab00000, 0x00000007abb80000, 0x00000007c0000000)
  eden space 14848K, 100% used [0x00000007aab00000,0x00000007ab980000,0x00000007ab980000)
  from space 1024K, 53% used [0x00000007ab980000,0x00000007aba08000,0x00000007aba80000)
  to   space 1024K, 0% used [0x00000007aba80000,0x00000007aba80000,0x00000007abb80000)
 ParOldGen       total 44032K, used 34089K [0x0000000780000000, 0x0000000782b00000, 0x00000007aab00000)
  object space 44032K, 77% used [0x0000000780000000,0x000000078214a590,0x0000000782b00000)
 Metaspace       used 17575K, capacity 17816K, committed 18176K, reserved 1064960K
  class space    used 1896K, capacity 1962K, committed 2048K, reserved 1048576K
Event: 131931.667 GC heap after
Heap after GC invocations=138 (full 0):
 PSYoungGen      total 15360K, used 938K [0x00000007aab00000, 0x00000007abc80000, 0x00000007c0000000)
  eden space 14336K, 0% used [0x00000007aab00000,0x00000007aab00000,0x00000007ab900000)
  from space 1024K, 91% used [0x00000007aba80000,0x00000007abb6ab80,0x00000007abb80000)
  to   space 1536K, 0% used [0x00000007ab900000,0x00000007ab900000,0x00000007aba80000)
 ParOldGen       total 44032K, used 42668K [0x0000000780000000, 0x0000000782b00000, 0x00000007aab00000)
  object space 44032K, 96% used [0x0000000780000000,0x00000007829ab0a0,0x0000000782b00000)
 Metaspace       used 17575K, capacity 17816K, committed 18176K, reserved 1064960K
  class space    used 1896K, capacity 1962K, committed 2048K, reserved 1048576K
}
Event: 131931.667 GC heap before
{Heap before GC invocations=139 (full 1):
 PSYoungGen      total 15360K, used 938K [0x00000007aab00000, 0x00000007abc80000, 0x00000007c0000000)
  eden space 14336K, 0% used [0x00000007aab00000,0x00000007aab00000,0x00000007ab900000)
  from space 1024K, 91% used [0x00000007aba80000,0x00000007abb6ab80,0x00000007abb80000)
  to   space 1536K, 0% used [0x00000007ab900000,0x00000007ab900000,0x00000007aba80000)
 ParOldGen       total 44032K, used 42668K [0x0000000780000000, 0x0000000782b00000, 0x00000007aab00000)
  object space 44032K, 96% used [0x0000000780000000,0x00000007829ab0a0,0x0000000782b00000)
 Metaspace       used 17575K, capacity 17816K, committed 18176K, reserved 1064960K
  class space    used 1896K, capacity 1962K, committed 2048K, reserved 1048576K
Event: 131931.907 GC heap after
Heap after GC invocations=139 (full 1):
 PSYoungGen      total 15360K, used 0K [0x00000007aab00000, 0x00000007abc80000, 0x00000007c0000000)
  eden space 14336K, 0% used [0x00000007aab00000,0x00000007aab00000,0x00000007ab900000)
  from space 1024K, 0% used [0x00000007aba80000,0x00000007aba80000,0x00000007abb80000)
  to   space 1536K, 0% used [0x00000007ab900000,0x00000007ab900000,0x00000007aba80000)
 ParOldGen       total 34304K, used 13987K [0x0000000780000000, 0x0000000782180000, 0x00000007aab00000)
  object space 34304K, 40% used [0x0000000780000000,0x0000000780da8cf0,0x0000000782180000)
 Metaspace       used 17570K, capacity 17808K, committed 18176K, reserved 1064960K
  class space    used 1894K, capacity 1960K, committed 2048K, reserved 1048576K
}

